<?xml version="1.0" encoding="UTF-8"?>
<coverage generated="1742665765346" clover="3.2.0">
  <project timestamp="1742665765346" name="All files">
    <metrics statements="5" coveredstatements="5" conditionals="3" coveredconditionals="3" methods="1" coveredmethods="1" elements="9" coveredelements="9" complexity="0" loc="5" ncloc="5" packages="1" files="1" classes="1"/>
    <file name="PasswordChecker.ts" path="/Users/macbookpro/Desktop/portfolioProject/jestTestCourse/src/app/pass_checker/PasswordChecker.ts">
      <metrics statements="5" coveredstatements="5" conditionals="3" coveredconditionals="3" methods="1" coveredmethods="1"/>
      <line num="3" count="1" type="stmt"/>
      <line num="6" count="6" type="cond" truecount="1" falsecount="0"/>
      <line num="7" count="5" type="cond" truecount="1" falsecount="0"/>
      <line num="8" count="4" type="cond" truecount="1" falsecount="0"/>
      <line num="9" count="3" type="stmt"/>
    </file>
  </project>
</coverage>
