{"/Users/macbookpro/Desktop/portfolioProject/jestTestCourse/src/app/pass_checker/PasswordChecker.ts": {"path":"/Users/macbookpro/Desktop/portfolioProject/jestTestCourse/src/app/pass_checker/PasswordChecker.ts","statementMap":{"0":{"start":{"line":6,"column":8},"end":{"line":6,"column":45}},"1":{"start":{"line":6,"column":32},"end":{"line":6,"column":45}},"2":{"start":{"line":7,"column":8},"end":{"line":7,"column":60}},"3":{"start":{"line":7,"column":47},"end":{"line":7,"column":60}},"4":{"start":{"line":8,"column":8},"end":{"line":8,"column":60}},"5":{"start":{"line":8,"column":47},"end":{"line":8,"column":60}},"6":{"start":{"line":9,"column":8},"end":{"line":9,"column":20}},"7":{"start":{"line":3,"column":0},"end":{"line":3,"column":13}}},"fnMap":{"0":{"name":"(anonymous_0)","decl":{"start":{"line":5,"column":11},"end":{"line":5,"column":24}},"loc":{"start":{"line":5,"column":41},"end":{"line":10,"column":5}}}},"branchMap":{"0":{"loc":{"start":{"line":6,"column":8},"end":{"line":6,"column":45}},"type":"if","locations":[{"start":{"line":6,"column":8},"end":{"line":6,"column":45}}]},"1":{"loc":{"start":{"line":7,"column":8},"end":{"line":7,"column":60}},"type":"if","locations":[{"start":{"line":7,"column":8},"end":{"line":7,"column":60}}]},"2":{"loc":{"start":{"line":8,"column":8},"end":{"line":8,"column":60}},"type":"if","locations":[{"start":{"line":8,"column":8},"end":{"line":8,"column":60}}]}},"s":{"0":6,"1":1,"2":5,"3":1,"4":4,"5":1,"6":3,"7":1},"f":{"0":6},"b":{"0":[1],"1":[1],"2":[1]}}
}
